<?xml version="1.0" encoding="UTF-8"?>
<!-- Generated by org.testng.reporters.JUnitReportReporter -->
<testsuite hostname="DESKTOP-3KVDAHT" failures="0" tests="1" name="Test.AppiumDriver" time="10.278" errors="0" timestamp="2023-05-12T14:37:56 PDT" skipped="0">
  <testcase classname="Test.AppiumDriver" name="myTest" time="10.278"/>
  <system-out/>
</testsuite> <!-- Test.AppiumDriver -->
